[debug] [2019-06-18T15:10:34.810Z] ----------------------------------------------------------------------
[debug] [2019-06-18T15:10:34.813Z] Command:       /usr/local/bin/node /usr/local/bin/firebase deploy
[debug] [2019-06-18T15:10:34.813Z] CLI Version:   7.0.0
[debug] [2019-06-18T15:10:34.813Z] Platform:      darwin
[debug] [2019-06-18T15:10:34.813Z] Node Version:  v11.13.0
[debug] [2019-06-18T15:10:34.817Z] Time:          Tue Jun 18 2019 10:10:34 GMT-0500 (Central Daylight Time)
[debug] [2019-06-18T15:10:34.817Z] ----------------------------------------------------------------------
[debug] 
[debug] [2019-06-18T15:10:34.831Z] > command requires scopes: ["email","openid","https://www.googleapis.com/auth/cloudplatformprojects.readonly","https://www.googleapis.com/auth/firebase","https://www.googleapis.com/auth/cloud-platform"]
[debug] [2019-06-18T15:10:34.832Z] > authorizing via signed-in user
[debug] [2019-06-18T15:10:34.832Z] [iam] checking project f1points for permissions ["firebase.projects.get","firebasehosting.sites.update"]
[debug] [2019-06-18T15:10:34.835Z] > refreshing access token with scopes: ["email","https://www.googleapis.com/auth/cloud-platform","https://www.googleapis.com/auth/cloudplatformprojects.readonly","https://www.googleapis.com/auth/firebase","openid"]
[debug] [2019-06-18T15:10:34.835Z] >>> HTTP REQUEST POST https://www.googleapis.com/oauth2/v3/token  
 <request body omitted>
[debug] [2019-06-18T15:10:35.022Z] <<< HTTP RESPONSE 200
[debug] [2019-06-18T15:10:35.044Z] >>> HTTP REQUEST POST https://cloudresourcemanager.googleapis.com/v1/projects/f1points:testIamPermissions  

[debug] [2019-06-18T15:10:35.562Z] <<< HTTP RESPONSE 200
[debug] [2019-06-18T15:10:35.563Z] >>> HTTP REQUEST GET https://firebase.googleapis.com/v1beta1/projects/f1points  
 
[debug] [2019-06-18T15:10:35.764Z] <<< HTTP RESPONSE 200
[info] 
[info] === Deploying to 'f1points'...
[info] 
[info] i  deploying hosting
[debug] [2019-06-18T15:10:35.767Z] >>> HTTP REQUEST POST https://firebasehosting.googleapis.com/v1beta1/sites/f1points/versions  

[debug] [2019-06-18T15:10:36.579Z] <<< HTTP RESPONSE 200
[info] i  hosting[f1points]: beginning deploy...
[info] i  hosting[f1points]: found 49 files in build
[debug] [2019-06-18T15:10:36.598Z] [hosting] hash cache [YnVpbGQ] load error: lines is not defined
